2021-08-31 18:01:00,045 - instabot version: 0.117.0 (bot) - INFO - Instabot version: 0.117.0 Started
2021-08-31 18:01:00,045 - instabot version: 0.117.0 (bot) - DEBUG - Bot imported from /usr/local/lib/python3.9/site-packages/instabot/bot/bot.py
2021-08-31 18:01:00,046 - instabot version: 0.117.0 (api_login) - INFO - Not yet logged in starting: PRE-LOGIN FLOW!
2021-08-31 18:01:00,303 - instabot version: 0.117.0 (api) - DEBUG - POST to endpoint: accounts/get_prefill_candidates/ returned response: <Response [200]>
2021-08-31 18:01:00,533 - instabot version: 0.117.0 (api) - DEBUG - POST to endpoint: qe/sync/ returned response: <Response [200]>
2021-08-31 18:01:00,772 - instabot version: 0.117.0 (api) - DEBUG - POST to endpoint: launcher/sync/ returned response: <Response [200]>
2021-08-31 18:01:01,044 - instabot version: 0.117.0 (api) - DEBUG - POST to endpoint: accounts/contact_point_prefill/ returned response: <Response [200]>
2021-08-31 18:01:03,582 - instabot version: 0.117.0 (api) - DEBUG - POST to endpoint: accounts/login/ returned response: <Response [200]>
2021-08-31 18:01:03,582 - instabot version: 0.117.0 (api) - INFO - Logged-in successfully as 'goga_osoka'!
2021-08-31 18:01:03,582 - instabot version: 0.117.0 (api_login) - INFO - LOGIN FLOW! Just logged-in: True
2021-08-31 18:01:03,843 - instabot version: 0.117.0 (api) - DEBUG - POST to endpoint: qe/sync/ returned response: <Response [200]>
2021-08-31 18:01:04,124 - instabot version: 0.117.0 (api) - DEBUG - POST to endpoint: launcher/sync/ returned response: <Response [200]>
2021-08-31 18:01:04,362 - instabot version: 0.117.0 (api) - DEBUG - GET to endpoint: zr/token/result/?device_id=android-d0b0f4c504afc855&token_hash=&custom_device_id=android-d0b0f4c504afc855&fetch_reason=token_expired returned response: <Response [200]>
2021-08-31 18:01:04,612 - instabot version: 0.117.0 (api) - DEBUG - GET to endpoint: multiple_accounts/get_account_family/ returned response: <Response [200]>
2021-08-31 18:01:04,862 - instabot version: 0.117.0 (api) - DEBUG - POST to endpoint: qe/sync/ returned response: <Response [200]>
2021-08-31 18:01:05,251 - instabot version: 0.117.0 (api) - DEBUG - GET to endpoint: igtv/browse_feed/?prefetch=1 returned response: <Response [200]>
2021-08-31 18:01:05,482 - instabot version: 0.117.0 (api) - DEBUG - POST to endpoint: creatives/ar_class/ returned response: <Response [200]>
2021-08-31 18:01:05,882 - instabot version: 0.117.0 (api) - DEBUG - POST to endpoint: feed/reels_tray/ returned response: <Response [200]>
2021-08-31 18:01:09,849 - instabot version: 0.117.0 (api) - DEBUG - POST to endpoint: feed/timeline/ returned response: <Response [200]>
2021-08-31 18:01:10,079 - instabot version: 0.117.0 (api) - DEBUG - GET to endpoint: media/blocked/ returned response: <Response [200]>
2021-08-31 18:01:10,806 - instabot version: 0.117.0 (api) - DEBUG - GET to endpoint: news/inbox/ returned response: <Response [200]>
2021-08-31 18:01:11,078 - instabot version: 0.117.0 (api) - DEBUG - GET to endpoint: loom/fetch_config/ returned response: <Response [200]>
2021-08-31 18:01:11,351 - instabot version: 0.117.0 (api) - DEBUG - GET to endpoint: scores/bootstrap/users/?surfaces=["autocomplete_user_list","coefficient_besties_list_ranking","coefficient_rank_recipient_user_suggestion","coefficient_ios_section_test_bootstrap_ranking","coefficient_direct_recipients_ranking_variant_2"] returned response: <Response [200]>
2021-08-31 18:01:11,620 - instabot version: 0.117.0 (api) - DEBUG - GET to endpoint: business/eligibility/get_monetization_products_eligibility_data/?product_types=branded_content returned response: <Response [200]>
2021-08-31 18:01:11,880 - instabot version: 0.117.0 (api) - DEBUG - GET to endpoint: business/branded_content/should_require_professional_account/ returned response: <Response [200]>
2021-08-31 18:01:12,211 - instabot version: 0.117.0 (api) - DEBUG - GET to endpoint: linked_accounts/get_linkage_status/ returned response: <Response [200]>
2021-08-31 18:01:12,512 - instabot version: 0.117.0 (api) - DEBUG - GET to endpoint: locations/request_country/ returned response: <Response [200]>
2021-08-31 18:01:12,890 - instabot version: 0.117.0 (api) - DEBUG - GET to endpoint: qp/get_cooldowns/?signed_body=signed_body=4b9c516a5410a3bc128e09c6104a7f042146b9c2023870560c63a43a7f66781c.4&ig_sig_key_version=4&ig_sig_key_version=4 returned response: <Response [200]>
2021-08-31 18:01:13,119 - instabot version: 0.117.0 (api) - DEBUG - GET to endpoint: users/arlink_download_info/?version_override=2.2.1 returned response: <Response [200]>
2021-08-31 18:01:13,509 - instabot version: 0.117.0 (api) - DEBUG - GET to endpoint: users/49477465267/info/ returned response: <Response [200]>
2021-08-31 18:01:13,840 - instabot version: 0.117.0 (api) - DEBUG - GET to endpoint: direct_v2/get_presence/ returned response: <Response [200]>
2021-08-31 18:01:14,218 - instabot version: 0.117.0 (api) - DEBUG - GET to endpoint: direct_v2/inbox/?visual_message_return_type=unseen&thread_message_limit=10&persistentBadging=true&limit=20 returned response: <Response [200]>
2021-08-31 18:01:14,599 - instabot version: 0.117.0 (api) - DEBUG - GET to endpoint: direct_v2/inbox/?visual_message_return_type=unseen&persistentBadging=true&limit=0 returned response: <Response [200]>
2021-08-31 18:01:14,907 - instabot version: 0.117.0 (api) - DEBUG - GET to endpoint: discover/topical_explore/?is_prefetch=true&omit_cover_media=true&use_sectional_payload=true&timezone_offset=0&session_id=d4b9c90b-363e-45b8-80b4-d8f61b152bfa&include_fixed_destinations=true returned response: <Response [200]>
2021-08-31 18:01:15,148 - instabot version: 0.117.0 (api) - DEBUG - POST to endpoint: notifications/badge/ returned response: <Response [200]>
2021-08-31 18:01:15,669 - instabot version: 0.117.0 (api) - DEBUG - POST to endpoint: qp/batch_fetch/ returned response: <Response [200]>
2021-08-31 18:01:15,670 - instabot version: 0.117.0 (bot_checkpoint) - DEBUG - Loading Checkpoint file from: /app/config/goga_osoka.checkpoint
2021-08-31 18:01:16,428 - instabot version: 0.117.0 (api) - DEBUG - GET to endpoint: users/innubis/usernameinfo/ returned response: <Response [200]>
2021-08-31 18:01:17,531 - instabot version: 0.117.0 (api) - DEBUG - GET to endpoint: feed/user/20813901/?max_id=&min_timestamp=None&rank_token=49477465267_e94d02ce-686b-46ff-bae1-ae5995ec0cbd&ranked_content=true returned response: <Response [200]>
2021-08-31 18:01:18,057 - instabot version: 0.117.0 (api) - DEBUG - GET to endpoint: media/2652305285901238151_20813901/info/ returned response: <Response [200]>
2021-08-31 18:01:18,057 - instabot version: 0.117.0 (bot_get) - ERROR - Unexpected link
2021-08-31 18:01:18,585 - instabot version: 0.117.0 (api) - DEBUG - GET to endpoint: media/2652274963650205278_20813901/info/ returned response: <Response [200]>
2021-08-31 18:01:18,585 - instabot version: 0.117.0 (bot_get) - ERROR - Unexpected link
2021-08-31 18:01:20,085 - instabot version: 0.117.0 (api) - DEBUG - GET to endpoint: media/2651694333053007764_20813901/info/ returned response: <Response [200]>
2021-08-31 18:01:20,085 - instabot version: 0.117.0 (bot_get) - ERROR - Unexpected link
2021-08-31 18:01:20,530 - instabot version: 0.117.0 (api) - DEBUG - GET to endpoint: media/2651011456975785132_20813901/info/ returned response: <Response [200]>
2021-08-31 18:01:20,531 - instabot version: 0.117.0 (bot_get) - ERROR - Unexpected link
2021-08-31 18:01:22,075 - instabot version: 0.117.0 (api) - DEBUG - GET to endpoint: media/2646496271003188544_20813901/info/ returned response: <Response [200]>
2021-08-31 18:01:22,075 - instabot version: 0.117.0 (bot_get) - ERROR - Unexpected link
2021-08-31 18:01:22,514 - instabot version: 0.117.0 (api) - DEBUG - GET to endpoint: media/2645015644127356684_20813901/info/ returned response: <Response [200]>
2021-08-31 18:01:22,514 - instabot version: 0.117.0 (bot_get) - ERROR - Unexpected link
2021-08-31 18:01:22,686 - instabot version: 0.117.0 (bot_checkpoint) - DEBUG - Saving Checkpoint file to: /app/config/goga_osoka.checkpoint
2021-08-31 18:01:22,686 - instabot version: 0.117.0 (bot) - INFO - Total requests: 50
