2021-08-31 17:52:58,102 - instabot version: 0.117.0 (bot) - INFO - Instabot version: 0.117.0 Started
2021-08-31 17:52:58,102 - instabot version: 0.117.0 (bot) - DEBUG - Bot imported from /usr/local/lib/python3.9/site-packages/instabot/bot/bot.py
2021-08-31 17:52:58,103 - instabot version: 0.117.0 (api_login) - INFO - Not yet logged in starting: PRE-LOGIN FLOW!
2021-08-31 17:52:58,356 - instabot version: 0.117.0 (api) - DEBUG - POST to endpoint: accounts/get_prefill_candidates/ returned response: <Response [200]>
2021-08-31 17:52:58,598 - instabot version: 0.117.0 (api) - DEBUG - POST to endpoint: qe/sync/ returned response: <Response [200]>
2021-08-31 17:52:58,969 - instabot version: 0.117.0 (api) - DEBUG - POST to endpoint: launcher/sync/ returned response: <Response [200]>
2021-08-31 17:52:59,186 - instabot version: 0.117.0 (api) - DEBUG - POST to endpoint: accounts/contact_point_prefill/ returned response: <Response [200]>
2021-08-31 17:53:01,819 - instabot version: 0.117.0 (api) - DEBUG - POST to endpoint: accounts/login/ returned response: <Response [200]>
2021-08-31 17:53:01,819 - instabot version: 0.117.0 (api) - INFO - Logged-in successfully as 'goga_osoka'!
2021-08-31 17:53:01,819 - instabot version: 0.117.0 (api_login) - INFO - LOGIN FLOW! Just logged-in: True
2021-08-31 17:53:02,064 - instabot version: 0.117.0 (api) - DEBUG - POST to endpoint: qe/sync/ returned response: <Response [200]>
2021-08-31 17:53:02,303 - instabot version: 0.117.0 (api) - DEBUG - POST to endpoint: launcher/sync/ returned response: <Response [200]>
2021-08-31 17:53:02,531 - instabot version: 0.117.0 (api) - DEBUG - GET to endpoint: zr/token/result/?device_id=android-d0b0f4c504afc855&token_hash=&custom_device_id=android-d0b0f4c504afc855&fetch_reason=token_expired returned response: <Response [200]>
2021-08-31 17:53:02,745 - instabot version: 0.117.0 (api) - DEBUG - GET to endpoint: multiple_accounts/get_account_family/ returned response: <Response [200]>
2021-08-31 17:53:02,967 - instabot version: 0.117.0 (api) - DEBUG - POST to endpoint: qe/sync/ returned response: <Response [200]>
2021-08-31 17:53:03,352 - instabot version: 0.117.0 (api) - DEBUG - GET to endpoint: igtv/browse_feed/?prefetch=1 returned response: <Response [200]>
2021-08-31 17:53:03,590 - instabot version: 0.117.0 (api) - DEBUG - POST to endpoint: creatives/ar_class/ returned response: <Response [200]>
2021-08-31 17:53:03,968 - instabot version: 0.117.0 (api) - DEBUG - POST to endpoint: feed/reels_tray/ returned response: <Response [200]>
2021-08-31 17:53:07,302 - instabot version: 0.117.0 (api) - DEBUG - POST to endpoint: feed/timeline/ returned response: <Response [200]>
2021-08-31 17:53:07,519 - instabot version: 0.117.0 (api) - DEBUG - GET to endpoint: media/blocked/ returned response: <Response [200]>
2021-08-31 17:53:08,032 - instabot version: 0.117.0 (api) - DEBUG - GET to endpoint: news/inbox/ returned response: <Response [200]>
2021-08-31 17:53:08,255 - instabot version: 0.117.0 (api) - DEBUG - GET to endpoint: loom/fetch_config/ returned response: <Response [200]>
2021-08-31 17:53:08,559 - instabot version: 0.117.0 (api) - DEBUG - GET to endpoint: scores/bootstrap/users/?surfaces=["autocomplete_user_list","coefficient_besties_list_ranking","coefficient_rank_recipient_user_suggestion","coefficient_ios_section_test_bootstrap_ranking","coefficient_direct_recipients_ranking_variant_2"] returned response: <Response [200]>
2021-08-31 17:53:08,808 - instabot version: 0.117.0 (api) - DEBUG - GET to endpoint: business/eligibility/get_monetization_products_eligibility_data/?product_types=branded_content returned response: <Response [200]>
2021-08-31 17:53:09,021 - instabot version: 0.117.0 (api) - DEBUG - GET to endpoint: business/branded_content/should_require_professional_account/ returned response: <Response [200]>
2021-08-31 17:53:09,374 - instabot version: 0.117.0 (api) - DEBUG - GET to endpoint: linked_accounts/get_linkage_status/ returned response: <Response [200]>
2021-08-31 17:53:09,601 - instabot version: 0.117.0 (api) - DEBUG - GET to endpoint: locations/request_country/ returned response: <Response [200]>
2021-08-31 17:53:09,833 - instabot version: 0.117.0 (api) - DEBUG - GET to endpoint: qp/get_cooldowns/?signed_body=signed_body=4b9c516a5410a3bc128e09c6104a7f042146b9c2023870560c63a43a7f66781c.4&ig_sig_key_version=4&ig_sig_key_version=4 returned response: <Response [200]>
2021-08-31 17:53:10,074 - instabot version: 0.117.0 (api) - DEBUG - GET to endpoint: users/arlink_download_info/?version_override=2.2.1 returned response: <Response [200]>
2021-08-31 17:53:10,511 - instabot version: 0.117.0 (api) - DEBUG - GET to endpoint: users/49477465267/info/ returned response: <Response [200]>
2021-08-31 17:53:10,868 - instabot version: 0.117.0 (api) - DEBUG - GET to endpoint: direct_v2/get_presence/ returned response: <Response [200]>
2021-08-31 17:53:11,245 - instabot version: 0.117.0 (api) - DEBUG - GET to endpoint: direct_v2/inbox/?visual_message_return_type=unseen&thread_message_limit=10&persistentBadging=true&limit=20 returned response: <Response [200]>
2021-08-31 17:53:11,601 - instabot version: 0.117.0 (api) - DEBUG - GET to endpoint: direct_v2/inbox/?visual_message_return_type=unseen&persistentBadging=true&limit=0 returned response: <Response [200]>
2021-08-31 17:53:11,924 - instabot version: 0.117.0 (api) - DEBUG - GET to endpoint: discover/topical_explore/?is_prefetch=true&omit_cover_media=true&use_sectional_payload=true&timezone_offset=0&session_id=67897757-c402-4460-adbc-a0c2ef74c0ec&include_fixed_destinations=true returned response: <Response [200]>
2021-08-31 17:53:12,140 - instabot version: 0.117.0 (api) - DEBUG - POST to endpoint: notifications/badge/ returned response: <Response [200]>
2021-08-31 17:53:12,535 - instabot version: 0.117.0 (api) - DEBUG - POST to endpoint: qp/batch_fetch/ returned response: <Response [200]>
2021-08-31 17:53:12,536 - instabot version: 0.117.0 (bot_checkpoint) - DEBUG - Loading Checkpoint file from: /app/config/goga_osoka.checkpoint
2021-08-31 17:53:13,357 - instabot version: 0.117.0 (api) - DEBUG - GET to endpoint: users/innubis/usernameinfo/ returned response: <Response [200]>
2021-08-31 17:53:15,140 - instabot version: 0.117.0 (api) - DEBUG - GET to endpoint: feed/user/20813901/?max_id=&min_timestamp=None&rank_token=49477465267_bcfcb965-09e5-4024-ae2a-70b2be679a1e&ranked_content=true returned response: <Response [200]>
2021-08-31 17:53:15,419 - instabot version: 0.117.0 (api) - DEBUG - GET to endpoint: media/2652305285901238151_20813901/info/ returned response: <Response [200]>
2021-08-31 17:53:15,419 - instabot version: 0.117.0 (bot_get) - ERROR - Unexpected link
2021-08-31 17:53:16,845 - instabot version: 0.117.0 (api) - DEBUG - GET to endpoint: media/2652274963650205278_20813901/info/ returned response: <Response [200]>
2021-08-31 17:53:16,846 - instabot version: 0.117.0 (bot_get) - ERROR - Unexpected link
2021-08-31 17:53:19,813 - instabot version: 0.117.0 (api) - DEBUG - GET to endpoint: media/2651694333053007764_20813901/info/ returned response: <Response [200]>
2021-08-31 17:53:19,814 - instabot version: 0.117.0 (bot_get) - ERROR - Unexpected link
2021-08-31 17:53:21,091 - instabot version: 0.117.0 (api) - DEBUG - GET to endpoint: media/2651011456975785132_20813901/info/ returned response: <Response [200]>
2021-08-31 17:53:21,092 - instabot version: 0.117.0 (bot_get) - ERROR - Unexpected link
2021-08-31 17:53:32,915 - instabot version: 0.117.0 (bot_checkpoint) - DEBUG - Saving Checkpoint file to: /app/config/goga_osoka.checkpoint
2021-08-31 17:53:32,915 - instabot version: 0.117.0 (bot) - INFO - Total requests: 38
