2021-08-31 18:43:45,280 - instabot version: 0.117.0 (bot) - INFO - Instabot version: 0.117.0 Started
2021-08-31 18:43:45,280 - instabot version: 0.117.0 (bot) - DEBUG - Bot imported from /usr/local/lib/python3.9/site-packages/instabot/bot/bot.py
2021-08-31 18:43:45,280 - instabot version: 0.117.0 (api_login) - INFO - Not yet logged in starting: PRE-LOGIN FLOW!
2021-08-31 18:43:45,726 - instabot version: 0.117.0 (api) - DEBUG - POST to endpoint: accounts/get_prefill_candidates/ returned response: <Response [200]>
2021-08-31 18:43:46,131 - instabot version: 0.117.0 (api) - DEBUG - POST to endpoint: qe/sync/ returned response: <Response [200]>
2021-08-31 18:43:46,456 - instabot version: 0.117.0 (api) - DEBUG - POST to endpoint: launcher/sync/ returned response: <Response [200]>
2021-08-31 18:43:46,769 - instabot version: 0.117.0 (api) - DEBUG - POST to endpoint: accounts/contact_point_prefill/ returned response: <Response [200]>
2021-08-31 18:43:48,863 - instabot version: 0.117.0 (api) - DEBUG - POST to endpoint: accounts/login/ returned response: <Response [200]>
2021-08-31 18:43:48,863 - instabot version: 0.117.0 (api) - INFO - Logged-in successfully as 'goga_osoka'!
2021-08-31 18:43:48,863 - instabot version: 0.117.0 (api_login) - INFO - LOGIN FLOW! Just logged-in: True
2021-08-31 18:43:49,073 - instabot version: 0.117.0 (api) - DEBUG - POST to endpoint: qe/sync/ returned response: <Response [400]>
2021-08-31 18:43:49,073 - instabot version: 0.117.0 (api) - DEBUG - Responsecode indicates error; response content: b'{"message":"challenge_required","challenge":{"url":"https://i.instagram.com/challenge/?next=/api/v1/qe/sync/","api_path":"/challenge/","hide_webview_header":true,"lock":true,"logout":false,"native_flow":true,"flow_render_type":0},"status":"fail"}'
2021-08-31 18:43:49,073 - instabot version: 0.117.0 (api) - ERROR - Request returns 400 error!
2021-08-31 18:43:49,073 - instabot version: 0.117.0 (api) - INFO - Instagram's error message: challenge_required
2021-08-31 18:43:49,073 - instabot version: 0.117.0 (api) - INFO - Instagram's error message: {}
2021-08-31 18:43:49,276 - instabot version: 0.117.0 (api) - DEBUG - POST to endpoint: launcher/sync/ returned response: <Response [400]>
2021-08-31 18:43:49,276 - instabot version: 0.117.0 (api) - DEBUG - Responsecode indicates error; response content: b'{"message":"challenge_required","challenge":{"url":"https://i.instagram.com/challenge/?next=/api/v1/launcher/sync/","api_path":"/challenge/","hide_webview_header":true,"lock":true,"logout":false,"native_flow":true,"flow_render_type":0},"status":"fail"}'
2021-08-31 18:43:49,276 - instabot version: 0.117.0 (api) - ERROR - Request returns 400 error!
2021-08-31 18:43:49,276 - instabot version: 0.117.0 (api) - INFO - Instagram's error message: challenge_required
2021-08-31 18:43:49,276 - instabot version: 0.117.0 (api) - INFO - Instagram's error message: {}
2021-08-31 18:43:49,483 - instabot version: 0.117.0 (api) - DEBUG - GET to endpoint: zr/token/result/?device_id=android-d0b0f4c504afc855&token_hash=&custom_device_id=android-d0b0f4c504afc855&fetch_reason=token_expired returned response: <Response [400]>
2021-08-31 18:43:49,484 - instabot version: 0.117.0 (api) - DEBUG - Responsecode indicates error; response content: b'{"message":"challenge_required","challenge":{"url":"https://i.instagram.com/challenge/?next=/api/v1/zr/token/result/%253Fdevice_id%253Dandroid-d0b0f4c504afc855%2526token_hash%253D%2526custom_device_id%253Dandroid-d0b0f4c504afc855%2526fetch_reason%253Dtoken_expired","api_path":"/challenge/","hide_webview_header":true,"lock":true,"logout":false,"native_flow":true,"flow_render_type":0},"status":"fail"}'
2021-08-31 18:43:49,484 - instabot version: 0.117.0 (api) - ERROR - Request returns 400 error!
2021-08-31 18:43:49,484 - instabot version: 0.117.0 (api) - INFO - Instagram's error message: challenge_required
2021-08-31 18:43:49,484 - instabot version: 0.117.0 (api) - INFO - Instagram's error message: {}
2021-08-31 18:43:49,683 - instabot version: 0.117.0 (api) - DEBUG - GET to endpoint: multiple_accounts/get_account_family/ returned response: <Response [400]>
2021-08-31 18:43:49,683 - instabot version: 0.117.0 (api) - DEBUG - Responsecode indicates error; response content: b'{"message":"challenge_required","challenge":{"url":"https://i.instagram.com/challenge/?next=/api/v1/multiple_accounts/get_account_family/","api_path":"/challenge/","hide_webview_header":true,"lock":true,"logout":false,"native_flow":true,"flow_render_type":0},"status":"fail"}'
2021-08-31 18:43:49,683 - instabot version: 0.117.0 (api) - ERROR - Request returns 400 error!
2021-08-31 18:43:49,683 - instabot version: 0.117.0 (api) - INFO - Instagram's error message: challenge_required
2021-08-31 18:43:49,683 - instabot version: 0.117.0 (api) - INFO - Instagram's error message: {}
2021-08-31 18:43:49,896 - instabot version: 0.117.0 (api) - DEBUG - POST to endpoint: qe/sync/ returned response: <Response [400]>
2021-08-31 18:43:49,896 - instabot version: 0.117.0 (api) - DEBUG - Responsecode indicates error; response content: b'{"message":"challenge_required","challenge":{"url":"https://i.instagram.com/challenge/?next=/api/v1/qe/sync/","api_path":"/challenge/","hide_webview_header":true,"lock":true,"logout":false,"native_flow":true,"flow_render_type":0},"status":"fail"}'
2021-08-31 18:43:49,896 - instabot version: 0.117.0 (api) - ERROR - Request returns 400 error!
2021-08-31 18:43:49,896 - instabot version: 0.117.0 (api) - INFO - Instagram's error message: challenge_required
2021-08-31 18:43:49,896 - instabot version: 0.117.0 (api) - INFO - Instagram's error message: {}
2021-08-31 18:43:50,219 - instabot version: 0.117.0 (api) - DEBUG - GET to endpoint: igtv/browse_feed/?prefetch=1 returned response: <Response [400]>
2021-08-31 18:43:50,219 - instabot version: 0.117.0 (api) - DEBUG - Responsecode indicates error; response content: b'{"message":"challenge_required","challenge":{"url":"https://i.instagram.com/challenge/?next=/api/v1/igtv/browse_feed/%253Fprefetch%253D1","api_path":"/challenge/","hide_webview_header":true,"lock":true,"logout":false,"native_flow":true,"flow_render_type":0},"status":"fail"}'
2021-08-31 18:43:50,219 - instabot version: 0.117.0 (api) - ERROR - Request returns 400 error!
2021-08-31 18:43:50,219 - instabot version: 0.117.0 (api) - INFO - Instagram's error message: challenge_required
2021-08-31 18:43:50,219 - instabot version: 0.117.0 (api) - INFO - Instagram's error message: {}
2021-08-31 18:43:50,450 - instabot version: 0.117.0 (api) - DEBUG - POST to endpoint: creatives/ar_class/ returned response: <Response [400]>
2021-08-31 18:43:50,451 - instabot version: 0.117.0 (api) - DEBUG - Responsecode indicates error; response content: b'{"message":"challenge_required","challenge":{"url":"https://i.instagram.com/challenge/?next=/api/v1/creatives/ar_class/","api_path":"/challenge/","hide_webview_header":true,"lock":true,"logout":false,"native_flow":true,"flow_render_type":0},"status":"fail"}'
2021-08-31 18:43:50,451 - instabot version: 0.117.0 (api) - ERROR - Request returns 400 error!
2021-08-31 18:43:50,451 - instabot version: 0.117.0 (api) - INFO - Instagram's error message: challenge_required
2021-08-31 18:43:50,451 - instabot version: 0.117.0 (api) - INFO - Instagram's error message: {}
2021-08-31 18:43:50,688 - instabot version: 0.117.0 (api) - DEBUG - POST to endpoint: feed/reels_tray/ returned response: <Response [400]>
2021-08-31 18:43:50,688 - instabot version: 0.117.0 (api) - DEBUG - Responsecode indicates error; response content: b'{"message":"challenge_required","challenge":{"url":"https://i.instagram.com/challenge/?next=/api/v1/feed/reels_tray/","api_path":"/challenge/","hide_webview_header":true,"lock":true,"logout":false,"native_flow":true,"flow_render_type":0},"status":"fail"}'
2021-08-31 18:43:50,689 - instabot version: 0.117.0 (api) - ERROR - Request returns 400 error!
2021-08-31 18:43:50,689 - instabot version: 0.117.0 (api) - INFO - Instagram's error message: challenge_required
2021-08-31 18:43:50,689 - instabot version: 0.117.0 (api) - INFO - Instagram's error message: {}
2021-08-31 18:43:50,917 - instabot version: 0.117.0 (api) - DEBUG - POST to endpoint: feed/timeline/ returned response: <Response [400]>
2021-08-31 18:43:50,917 - instabot version: 0.117.0 (api) - DEBUG - Responsecode indicates error; response content: b'{"message":"challenge_required","challenge":{"url":"https://i.instagram.com/challenge/?next=/api/v1/feed/timeline/","api_path":"/challenge/","hide_webview_header":true,"lock":true,"logout":false,"native_flow":true,"flow_render_type":0},"status":"fail"}'
2021-08-31 18:43:50,918 - instabot version: 0.117.0 (api) - ERROR - Request returns 400 error!
2021-08-31 18:43:50,918 - instabot version: 0.117.0 (api) - INFO - Instagram's error message: challenge_required
2021-08-31 18:43:50,918 - instabot version: 0.117.0 (api) - INFO - Instagram's error message: {}
2021-08-31 18:43:51,133 - instabot version: 0.117.0 (api) - DEBUG - GET to endpoint: media/blocked/ returned response: <Response [400]>
2021-08-31 18:43:51,133 - instabot version: 0.117.0 (api) - DEBUG - Responsecode indicates error; response content: b'{"message":"challenge_required","challenge":{"url":"https://i.instagram.com/challenge/?next=/api/v1/media/blocked/","api_path":"/challenge/","hide_webview_header":true,"lock":true,"logout":false,"native_flow":true,"flow_render_type":0},"status":"fail"}'
2021-08-31 18:43:51,133 - instabot version: 0.117.0 (api) - ERROR - Request returns 400 error!
2021-08-31 18:43:51,133 - instabot version: 0.117.0 (api) - INFO - Instagram's error message: challenge_required
2021-08-31 18:43:51,133 - instabot version: 0.117.0 (api) - INFO - Instagram's error message: {}
2021-08-31 18:43:51,373 - instabot version: 0.117.0 (api) - DEBUG - GET to endpoint: news/inbox/ returned response: <Response [400]>
2021-08-31 18:43:51,373 - instabot version: 0.117.0 (api) - DEBUG - Responsecode indicates error; response content: b'{"message":"challenge_required","challenge":{"url":"https://i.instagram.com/challenge/?next=/api/v1/news/inbox/","api_path":"/challenge/","hide_webview_header":true,"lock":true,"logout":false,"native_flow":true,"flow_render_type":0},"status":"fail"}'
2021-08-31 18:43:51,373 - instabot version: 0.117.0 (api) - ERROR - Request returns 400 error!
2021-08-31 18:43:51,374 - instabot version: 0.117.0 (api) - INFO - Instagram's error message: challenge_required
2021-08-31 18:43:51,374 - instabot version: 0.117.0 (api) - INFO - Instagram's error message: {}
2021-08-31 18:43:51,616 - instabot version: 0.117.0 (api) - DEBUG - GET to endpoint: loom/fetch_config/ returned response: <Response [400]>
2021-08-31 18:43:51,616 - instabot version: 0.117.0 (api) - DEBUG - Responsecode indicates error; response content: b'{"message":"challenge_required","challenge":{"url":"https://i.instagram.com/challenge/?next=/api/v1/loom/fetch_config/","api_path":"/challenge/","hide_webview_header":true,"lock":true,"logout":false,"native_flow":true,"flow_render_type":0},"status":"fail"}'
2021-08-31 18:43:51,616 - instabot version: 0.117.0 (api) - ERROR - Request returns 400 error!
2021-08-31 18:43:51,616 - instabot version: 0.117.0 (api) - INFO - Instagram's error message: challenge_required
2021-08-31 18:43:51,616 - instabot version: 0.117.0 (api) - INFO - Instagram's error message: {}
2021-08-31 18:43:51,831 - instabot version: 0.117.0 (api) - DEBUG - GET to endpoint: scores/bootstrap/users/?surfaces=["autocomplete_user_list","coefficient_besties_list_ranking","coefficient_rank_recipient_user_suggestion","coefficient_ios_section_test_bootstrap_ranking","coefficient_direct_recipients_ranking_variant_2"] returned response: <Response [400]>
2021-08-31 18:43:51,832 - instabot version: 0.117.0 (api) - DEBUG - Responsecode indicates error; response content: b'{"message":"challenge_required","challenge":{"url":"https://i.instagram.com/challenge/?next=/api/v1/scores/bootstrap/users/%253Fsurfaces%253D%25255B%252522autocomplete_user_list%252522%252C%252522coefficient_besties_list_ranking%252522%252C%252522coefficient_rank_recipient_user_suggestion%252522%252C%252522coefficient_ios_section_test_bootstrap_ranking%252522%252C%252522coefficient_direct_recipients_ranking_variant_2%252522%25255D","api_path":"/challenge/","hide_webview_header":true,"lock":true,"logout":false,"native_flow":true,"flow_render_type":0},"status":"fail"}'
2021-08-31 18:43:51,832 - instabot version: 0.117.0 (api) - ERROR - Request returns 400 error!
2021-08-31 18:43:51,832 - instabot version: 0.117.0 (api) - INFO - Instagram's error message: challenge_required
2021-08-31 18:43:51,832 - instabot version: 0.117.0 (api) - INFO - Instagram's error message: {}
