2021-08-31 18:29:37,496 - instabot version: 0.117.0 (bot) - INFO - Instabot version: 0.117.0 Started
2021-08-31 18:29:37,496 - instabot version: 0.117.0 (bot) - DEBUG - Bot imported from /usr/local/lib/python3.9/site-packages/instabot/bot/bot.py
2021-08-31 18:29:37,497 - instabot version: 0.117.0 (api_login) - INFO - Not yet logged in starting: PRE-LOGIN FLOW!
2021-08-31 18:29:37,759 - instabot version: 0.117.0 (api) - DEBUG - POST to endpoint: accounts/get_prefill_candidates/ returned response: <Response [200]>
2021-08-31 18:29:37,995 - instabot version: 0.117.0 (api) - DEBUG - POST to endpoint: qe/sync/ returned response: <Response [200]>
2021-08-31 18:29:38,217 - instabot version: 0.117.0 (api) - DEBUG - POST to endpoint: launcher/sync/ returned response: <Response [200]>
2021-08-31 18:29:38,448 - instabot version: 0.117.0 (api) - DEBUG - POST to endpoint: accounts/contact_point_prefill/ returned response: <Response [200]>
2021-08-31 18:29:41,162 - instabot version: 0.117.0 (api) - DEBUG - POST to endpoint: accounts/login/ returned response: <Response [200]>
2021-08-31 18:29:41,162 - instabot version: 0.117.0 (api) - INFO - Logged-in successfully as 'goga_osoka'!
2021-08-31 18:29:41,162 - instabot version: 0.117.0 (api_login) - INFO - LOGIN FLOW! Just logged-in: True
2021-08-31 18:29:41,381 - instabot version: 0.117.0 (api) - DEBUG - POST to endpoint: qe/sync/ returned response: <Response [400]>
2021-08-31 18:29:41,381 - instabot version: 0.117.0 (api) - DEBUG - Responsecode indicates error; response content: b'{"message":"challenge_required","challenge":{"url":"https://i.instagram.com/challenge/?next=/api/v1/qe/sync/","api_path":"/challenge/","hide_webview_header":true,"lock":true,"logout":false,"native_flow":true,"flow_render_type":0},"status":"fail"}'
2021-08-31 18:29:41,381 - instabot version: 0.117.0 (api) - ERROR - Request returns 400 error!
2021-08-31 18:29:41,382 - instabot version: 0.117.0 (api) - INFO - Instagram's error message: challenge_required
2021-08-31 18:29:41,382 - instabot version: 0.117.0 (api) - INFO - Instagram's error message: {}
2021-08-31 18:29:41,597 - instabot version: 0.117.0 (api) - DEBUG - POST to endpoint: launcher/sync/ returned response: <Response [400]>
2021-08-31 18:29:41,597 - instabot version: 0.117.0 (api) - DEBUG - Responsecode indicates error; response content: b'{"message":"challenge_required","challenge":{"url":"https://i.instagram.com/challenge/?next=/api/v1/launcher/sync/","api_path":"/challenge/","hide_webview_header":true,"lock":true,"logout":false,"native_flow":true,"flow_render_type":0},"status":"fail"}'
2021-08-31 18:29:41,597 - instabot version: 0.117.0 (api) - ERROR - Request returns 400 error!
2021-08-31 18:29:41,597 - instabot version: 0.117.0 (api) - INFO - Instagram's error message: challenge_required
2021-08-31 18:29:41,597 - instabot version: 0.117.0 (api) - INFO - Instagram's error message: {}
2021-08-31 18:29:41,812 - instabot version: 0.117.0 (api) - DEBUG - GET to endpoint: zr/token/result/?device_id=android-d0b0f4c504afc855&token_hash=&custom_device_id=android-d0b0f4c504afc855&fetch_reason=token_expired returned response: <Response [400]>
2021-08-31 18:29:41,812 - instabot version: 0.117.0 (api) - DEBUG - Responsecode indicates error; response content: b'{"message":"challenge_required","challenge":{"url":"https://i.instagram.com/challenge/?next=/api/v1/zr/token/result/%253Fdevice_id%253Dandroid-d0b0f4c504afc855%2526token_hash%253D%2526custom_device_id%253Dandroid-d0b0f4c504afc855%2526fetch_reason%253Dtoken_expired","api_path":"/challenge/","hide_webview_header":true,"lock":true,"logout":false,"native_flow":true,"flow_render_type":0},"status":"fail"}'
2021-08-31 18:29:41,812 - instabot version: 0.117.0 (api) - ERROR - Request returns 400 error!
2021-08-31 18:29:41,812 - instabot version: 0.117.0 (api) - INFO - Instagram's error message: challenge_required
2021-08-31 18:29:41,812 - instabot version: 0.117.0 (api) - INFO - Instagram's error message: {}
2021-08-31 18:29:42,023 - instabot version: 0.117.0 (api) - DEBUG - GET to endpoint: multiple_accounts/get_account_family/ returned response: <Response [400]>
2021-08-31 18:29:42,023 - instabot version: 0.117.0 (api) - DEBUG - Responsecode indicates error; response content: b'{"message":"challenge_required","challenge":{"url":"https://i.instagram.com/challenge/?next=/api/v1/multiple_accounts/get_account_family/","api_path":"/challenge/","hide_webview_header":true,"lock":true,"logout":false,"native_flow":true,"flow_render_type":0},"status":"fail"}'
2021-08-31 18:29:42,024 - instabot version: 0.117.0 (api) - ERROR - Request returns 400 error!
2021-08-31 18:29:42,024 - instabot version: 0.117.0 (api) - INFO - Instagram's error message: challenge_required
2021-08-31 18:29:42,024 - instabot version: 0.117.0 (api) - INFO - Instagram's error message: {}
2021-08-31 18:29:42,266 - instabot version: 0.117.0 (api) - DEBUG - POST to endpoint: qe/sync/ returned response: <Response [400]>
2021-08-31 18:29:42,266 - instabot version: 0.117.0 (api) - DEBUG - Responsecode indicates error; response content: b'{"message":"challenge_required","challenge":{"url":"https://i.instagram.com/challenge/?next=/api/v1/qe/sync/","api_path":"/challenge/","hide_webview_header":true,"lock":true,"logout":false,"native_flow":true,"flow_render_type":0},"status":"fail"}'
2021-08-31 18:29:42,267 - instabot version: 0.117.0 (api) - ERROR - Request returns 400 error!
2021-08-31 18:29:42,267 - instabot version: 0.117.0 (api) - INFO - Instagram's error message: challenge_required
2021-08-31 18:29:42,267 - instabot version: 0.117.0 (api) - INFO - Instagram's error message: {}
2021-08-31 18:29:42,490 - instabot version: 0.117.0 (api) - DEBUG - GET to endpoint: igtv/browse_feed/?prefetch=1 returned response: <Response [400]>
2021-08-31 18:29:42,490 - instabot version: 0.117.0 (api) - DEBUG - Responsecode indicates error; response content: b'{"message":"challenge_required","challenge":{"url":"https://i.instagram.com/challenge/?next=/api/v1/igtv/browse_feed/%253Fprefetch%253D1","api_path":"/challenge/","hide_webview_header":true,"lock":true,"logout":false,"native_flow":true,"flow_render_type":0},"status":"fail"}'
2021-08-31 18:29:42,491 - instabot version: 0.117.0 (api) - ERROR - Request returns 400 error!
2021-08-31 18:29:42,491 - instabot version: 0.117.0 (api) - INFO - Instagram's error message: challenge_required
2021-08-31 18:29:42,491 - instabot version: 0.117.0 (api) - INFO - Instagram's error message: {}
2021-08-31 18:29:42,728 - instabot version: 0.117.0 (api) - DEBUG - POST to endpoint: creatives/ar_class/ returned response: <Response [400]>
2021-08-31 18:29:42,728 - instabot version: 0.117.0 (api) - DEBUG - Responsecode indicates error; response content: b'{"message":"challenge_required","challenge":{"url":"https://i.instagram.com/challenge/?next=/api/v1/creatives/ar_class/","api_path":"/challenge/","hide_webview_header":true,"lock":true,"logout":false,"native_flow":true,"flow_render_type":0},"status":"fail"}'
2021-08-31 18:29:42,728 - instabot version: 0.117.0 (api) - ERROR - Request returns 400 error!
2021-08-31 18:29:42,728 - instabot version: 0.117.0 (api) - INFO - Instagram's error message: challenge_required
2021-08-31 18:29:42,728 - instabot version: 0.117.0 (api) - INFO - Instagram's error message: {}
2021-08-31 18:29:42,947 - instabot version: 0.117.0 (api) - DEBUG - POST to endpoint: feed/reels_tray/ returned response: <Response [400]>
2021-08-31 18:29:42,947 - instabot version: 0.117.0 (api) - DEBUG - Responsecode indicates error; response content: b'{"message":"challenge_required","challenge":{"url":"https://i.instagram.com/challenge/?next=/api/v1/feed/reels_tray/","api_path":"/challenge/","hide_webview_header":true,"lock":true,"logout":false,"native_flow":true,"flow_render_type":0},"status":"fail"}'
2021-08-31 18:29:42,947 - instabot version: 0.117.0 (api) - ERROR - Request returns 400 error!
2021-08-31 18:29:42,947 - instabot version: 0.117.0 (api) - INFO - Instagram's error message: challenge_required
2021-08-31 18:29:42,947 - instabot version: 0.117.0 (api) - INFO - Instagram's error message: {}
2021-08-31 18:29:43,213 - instabot version: 0.117.0 (api) - DEBUG - POST to endpoint: feed/timeline/ returned response: <Response [400]>
2021-08-31 18:29:43,213 - instabot version: 0.117.0 (api) - DEBUG - Responsecode indicates error; response content: b'{"message":"challenge_required","challenge":{"url":"https://i.instagram.com/challenge/?next=/api/v1/feed/timeline/","api_path":"/challenge/","hide_webview_header":true,"lock":true,"logout":false,"native_flow":true,"flow_render_type":0},"status":"fail"}'
2021-08-31 18:29:43,213 - instabot version: 0.117.0 (api) - ERROR - Request returns 400 error!
2021-08-31 18:29:43,214 - instabot version: 0.117.0 (api) - INFO - Instagram's error message: challenge_required
2021-08-31 18:29:43,214 - instabot version: 0.117.0 (api) - INFO - Instagram's error message: {}
2021-08-31 18:29:43,426 - instabot version: 0.117.0 (api) - DEBUG - GET to endpoint: media/blocked/ returned response: <Response [400]>
2021-08-31 18:29:43,426 - instabot version: 0.117.0 (api) - DEBUG - Responsecode indicates error; response content: b'{"message":"challenge_required","challenge":{"url":"https://i.instagram.com/challenge/?next=/api/v1/media/blocked/","api_path":"/challenge/","hide_webview_header":true,"lock":true,"logout":false,"native_flow":true,"flow_render_type":0},"status":"fail"}'
2021-08-31 18:29:43,426 - instabot version: 0.117.0 (api) - ERROR - Request returns 400 error!
2021-08-31 18:29:43,426 - instabot version: 0.117.0 (api) - INFO - Instagram's error message: challenge_required
2021-08-31 18:29:43,426 - instabot version: 0.117.0 (api) - INFO - Instagram's error message: {}
2021-08-31 18:29:43,640 - instabot version: 0.117.0 (api) - DEBUG - GET to endpoint: news/inbox/ returned response: <Response [400]>
2021-08-31 18:29:43,640 - instabot version: 0.117.0 (api) - DEBUG - Responsecode indicates error; response content: b'{"message":"challenge_required","challenge":{"url":"https://i.instagram.com/challenge/?next=/api/v1/news/inbox/","api_path":"/challenge/","hide_webview_header":true,"lock":true,"logout":false,"native_flow":true,"flow_render_type":0},"status":"fail"}'
2021-08-31 18:29:43,640 - instabot version: 0.117.0 (api) - ERROR - Request returns 400 error!
2021-08-31 18:29:43,640 - instabot version: 0.117.0 (api) - INFO - Instagram's error message: challenge_required
2021-08-31 18:29:43,641 - instabot version: 0.117.0 (api) - INFO - Instagram's error message: {}
2021-08-31 18:29:43,848 - instabot version: 0.117.0 (api) - DEBUG - GET to endpoint: loom/fetch_config/ returned response: <Response [400]>
2021-08-31 18:29:43,848 - instabot version: 0.117.0 (api) - DEBUG - Responsecode indicates error; response content: b'{"message":"challenge_required","challenge":{"url":"https://i.instagram.com/challenge/?next=/api/v1/loom/fetch_config/","api_path":"/challenge/","hide_webview_header":true,"lock":true,"logout":false,"native_flow":true,"flow_render_type":0},"status":"fail"}'
2021-08-31 18:29:43,848 - instabot version: 0.117.0 (api) - ERROR - Request returns 400 error!
2021-08-31 18:29:43,849 - instabot version: 0.117.0 (api) - INFO - Instagram's error message: challenge_required
2021-08-31 18:29:43,849 - instabot version: 0.117.0 (api) - INFO - Instagram's error message: {}
2021-08-31 18:29:44,085 - instabot version: 0.117.0 (api) - DEBUG - GET to endpoint: scores/bootstrap/users/?surfaces=["autocomplete_user_list","coefficient_besties_list_ranking","coefficient_rank_recipient_user_suggestion","coefficient_ios_section_test_bootstrap_ranking","coefficient_direct_recipients_ranking_variant_2"] returned response: <Response [400]>
2021-08-31 18:29:44,085 - instabot version: 0.117.0 (api) - DEBUG - Responsecode indicates error; response content: b'{"message":"challenge_required","challenge":{"url":"https://i.instagram.com/challenge/?next=/api/v1/scores/bootstrap/users/%253Fsurfaces%253D%25255B%252522autocomplete_user_list%252522%252C%252522coefficient_besties_list_ranking%252522%252C%252522coefficient_rank_recipient_user_suggestion%252522%252C%252522coefficient_ios_section_test_bootstrap_ranking%252522%252C%252522coefficient_direct_recipients_ranking_variant_2%252522%25255D","api_path":"/challenge/","hide_webview_header":true,"lock":true,"logout":false,"native_flow":true,"flow_render_type":0},"status":"fail"}'
2021-08-31 18:29:44,085 - instabot version: 0.117.0 (api) - ERROR - Request returns 400 error!
2021-08-31 18:29:44,086 - instabot version: 0.117.0 (api) - INFO - Instagram's error message: challenge_required
2021-08-31 18:29:44,086 - instabot version: 0.117.0 (api) - INFO - Instagram's error message: {}
2021-08-31 18:29:44,318 - instabot version: 0.117.0 (api) - DEBUG - GET to endpoint: business/eligibility/get_monetization_products_eligibility_data/?product_types=branded_content returned response: <Response [400]>
2021-08-31 18:29:44,318 - instabot version: 0.117.0 (api) - DEBUG - Responsecode indicates error; response content: b'{"message":"challenge_required","challenge":{"url":"https://i.instagram.com/challenge/?next=/api/v1/business/eligibility/get_monetization_products_eligibility_data/%253Fproduct_types%253Dbranded_content","api_path":"/challenge/","hide_webview_header":true,"lock":true,"logout":false,"native_flow":true,"flow_render_type":0},"status":"fail"}'
2021-08-31 18:29:44,318 - instabot version: 0.117.0 (api) - ERROR - Request returns 400 error!
2021-08-31 18:29:44,319 - instabot version: 0.117.0 (api) - INFO - Instagram's error message: challenge_required
2021-08-31 18:29:44,319 - instabot version: 0.117.0 (api) - INFO - Instagram's error message: {}
2021-08-31 18:29:44,566 - instabot version: 0.117.0 (api) - DEBUG - GET to endpoint: business/branded_content/should_require_professional_account/ returned response: <Response [400]>
2021-08-31 18:29:44,567 - instabot version: 0.117.0 (api) - DEBUG - Responsecode indicates error; response content: b'{"message":"challenge_required","challenge":{"url":"https://i.instagram.com/challenge/?next=/api/v1/business/branded_content/should_require_professional_account/","api_path":"/challenge/","hide_webview_header":true,"lock":true,"logout":false,"native_flow":true,"flow_render_type":0},"status":"fail"}'
2021-08-31 18:29:44,567 - instabot version: 0.117.0 (api) - ERROR - Request returns 400 error!
2021-08-31 18:29:44,567 - instabot version: 0.117.0 (api) - INFO - Instagram's error message: challenge_required
2021-08-31 18:29:44,567 - instabot version: 0.117.0 (api) - INFO - Instagram's error message: {}
2021-08-31 18:29:44,846 - instabot version: 0.117.0 (api) - DEBUG - GET to endpoint: linked_accounts/get_linkage_status/ returned response: <Response [400]>
2021-08-31 18:29:44,846 - instabot version: 0.117.0 (api) - DEBUG - Responsecode indicates error; response content: b'{"message":"challenge_required","challenge":{"url":"https://i.instagram.com/challenge/?next=/api/v1/linked_accounts/get_linkage_status/","api_path":"/challenge/","hide_webview_header":true,"lock":true,"logout":false,"native_flow":true,"flow_render_type":0},"status":"fail"}'
2021-08-31 18:29:44,846 - instabot version: 0.117.0 (api) - ERROR - Request returns 400 error!
2021-08-31 18:29:44,846 - instabot version: 0.117.0 (api) - INFO - Instagram's error message: challenge_required
2021-08-31 18:29:44,846 - instabot version: 0.117.0 (api) - INFO - Instagram's error message: {}
2021-08-31 18:29:45,116 - instabot version: 0.117.0 (api) - DEBUG - GET to endpoint: locations/request_country/ returned response: <Response [400]>
2021-08-31 18:29:45,116 - instabot version: 0.117.0 (api) - DEBUG - Responsecode indicates error; response content: b'{"message":"challenge_required","challenge":{"url":"https://i.instagram.com/challenge/?next=/api/v1/locations/request_country/","api_path":"/challenge/","hide_webview_header":true,"lock":true,"logout":false,"native_flow":true,"flow_render_type":0},"status":"fail"}'
2021-08-31 18:29:45,116 - instabot version: 0.117.0 (api) - ERROR - Request returns 400 error!
2021-08-31 18:29:45,116 - instabot version: 0.117.0 (api) - INFO - Instagram's error message: challenge_required
2021-08-31 18:29:45,116 - instabot version: 0.117.0 (api) - INFO - Instagram's error message: {}
2021-08-31 18:29:45,378 - instabot version: 0.117.0 (api) - DEBUG - GET to endpoint: qp/get_cooldowns/?signed_body=signed_body=4b9c516a5410a3bc128e09c6104a7f042146b9c2023870560c63a43a7f66781c.4&ig_sig_key_version=4&ig_sig_key_version=4 returned response: <Response [400]>
2021-08-31 18:29:45,378 - instabot version: 0.117.0 (api) - DEBUG - Responsecode indicates error; response content: b'{"message":"challenge_required","challenge":{"url":"https://i.instagram.com/challenge/?next=/api/v1/qp/get_cooldowns/%253Fsigned_body%253Dsigned_body%253D4b9c516a5410a3bc128e09c6104a7f042146b9c2023870560c63a43a7f66781c.4%2526ig_sig_key_version%253D4%2526ig_sig_key_version%253D4","api_path":"/challenge/","hide_webview_header":true,"lock":true,"logout":false,"native_flow":true,"flow_render_type":0},"status":"fail"}'
2021-08-31 18:29:45,378 - instabot version: 0.117.0 (api) - ERROR - Request returns 400 error!
2021-08-31 18:29:45,378 - instabot version: 0.117.0 (api) - INFO - Instagram's error message: challenge_required
2021-08-31 18:29:45,378 - instabot version: 0.117.0 (api) - INFO - Instagram's error message: {}
2021-08-31 18:29:45,607 - instabot version: 0.117.0 (api) - DEBUG - GET to endpoint: users/arlink_download_info/?version_override=2.2.1 returned response: <Response [400]>
2021-08-31 18:29:45,607 - instabot version: 0.117.0 (api) - DEBUG - Responsecode indicates error; response content: b'{"message":"challenge_required","challenge":{"url":"https://i.instagram.com/challenge/?next=/api/v1/users/arlink_download_info/%253Fversion_override%253D2.2.1","api_path":"/challenge/","hide_webview_header":true,"lock":true,"logout":false,"native_flow":true,"flow_render_type":0},"status":"fail"}'
2021-08-31 18:29:45,607 - instabot version: 0.117.0 (api) - ERROR - Request returns 400 error!
2021-08-31 18:29:45,608 - instabot version: 0.117.0 (api) - INFO - Instagram's error message: challenge_required
2021-08-31 18:29:45,608 - instabot version: 0.117.0 (api) - INFO - Instagram's error message: {}
2021-08-31 18:29:45,835 - instabot version: 0.117.0 (api) - DEBUG - GET to endpoint: users/49477465267/info/ returned response: <Response [400]>
2021-08-31 18:29:45,835 - instabot version: 0.117.0 (api) - DEBUG - Responsecode indicates error; response content: b'{"message":"challenge_required","challenge":{"url":"https://i.instagram.com/challenge/?next=/api/v1/users/49477465267/info/","api_path":"/challenge/","hide_webview_header":true,"lock":true,"logout":false,"native_flow":true,"flow_render_type":0},"status":"fail"}'
2021-08-31 18:29:45,835 - instabot version: 0.117.0 (api) - ERROR - Request returns 400 error!
2021-08-31 18:29:45,835 - instabot version: 0.117.0 (api) - INFO - Instagram's error message: challenge_required
2021-08-31 18:29:45,835 - instabot version: 0.117.0 (api) - INFO - Instagram's error message: {}
2021-08-31 18:29:46,068 - instabot version: 0.117.0 (api) - DEBUG - GET to endpoint: direct_v2/get_presence/ returned response: <Response [400]>
2021-08-31 18:29:46,068 - instabot version: 0.117.0 (api) - DEBUG - Responsecode indicates error; response content: b'{"message":"challenge_required","challenge":{"url":"https://i.instagram.com/challenge/?next=/api/v1/direct_v2/get_presence/","api_path":"/challenge/","hide_webview_header":true,"lock":true,"logout":false,"native_flow":true,"flow_render_type":0},"status":"fail"}'
2021-08-31 18:29:46,068 - instabot version: 0.117.0 (api) - ERROR - Request returns 400 error!
2021-08-31 18:29:46,068 - instabot version: 0.117.0 (api) - INFO - Instagram's error message: challenge_required
2021-08-31 18:29:46,068 - instabot version: 0.117.0 (api) - INFO - Instagram's error message: {}
2021-08-31 18:29:46,288 - instabot version: 0.117.0 (api) - DEBUG - GET to endpoint: direct_v2/inbox/?visual_message_return_type=unseen&thread_message_limit=10&persistentBadging=true&limit=20 returned response: <Response [400]>
2021-08-31 18:29:46,288 - instabot version: 0.117.0 (api) - DEBUG - Responsecode indicates error; response content: b'{"message":"challenge_required","challenge":{"url":"https://i.instagram.com/challenge/?next=/api/v1/direct_v2/inbox/%253Fvisual_message_return_type%253Dunseen%2526thread_message_limit%253D10%2526persistentBadging%253Dtrue%2526limit%253D20","api_path":"/challenge/","hide_webview_header":true,"lock":true,"logout":false,"native_flow":true,"flow_render_type":0},"status":"fail"}'
2021-08-31 18:29:46,288 - instabot version: 0.117.0 (api) - ERROR - Request returns 400 error!
2021-08-31 18:29:46,288 - instabot version: 0.117.0 (api) - INFO - Instagram's error message: challenge_required
2021-08-31 18:29:46,288 - instabot version: 0.117.0 (api) - INFO - Instagram's error message: {}
2021-08-31 18:29:46,519 - instabot version: 0.117.0 (api) - DEBUG - GET to endpoint: direct_v2/inbox/?visual_message_return_type=unseen&persistentBadging=true&limit=0 returned response: <Response [400]>
2021-08-31 18:29:46,519 - instabot version: 0.117.0 (api) - DEBUG - Responsecode indicates error; response content: b'{"message":"challenge_required","challenge":{"url":"https://i.instagram.com/challenge/?next=/api/v1/direct_v2/inbox/%253Fvisual_message_return_type%253Dunseen%2526persistentBadging%253Dtrue%2526limit%253D0","api_path":"/challenge/","hide_webview_header":true,"lock":true,"logout":false,"native_flow":true,"flow_render_type":0},"status":"fail"}'
2021-08-31 18:29:46,519 - instabot version: 0.117.0 (api) - ERROR - Request returns 400 error!
2021-08-31 18:29:46,519 - instabot version: 0.117.0 (api) - INFO - Instagram's error message: challenge_required
2021-08-31 18:29:46,519 - instabot version: 0.117.0 (api) - INFO - Instagram's error message: {}
2021-08-31 18:29:46,736 - instabot version: 0.117.0 (api) - DEBUG - GET to endpoint: discover/topical_explore/?is_prefetch=true&omit_cover_media=true&use_sectional_payload=true&timezone_offset=0&session_id=69788edd-635b-4932-be7e-f6c2acd095c2&include_fixed_destinations=true returned response: <Response [400]>
2021-08-31 18:29:46,736 - instabot version: 0.117.0 (api) - DEBUG - Responsecode indicates error; response content: b'{"message":"challenge_required","challenge":{"url":"https://i.instagram.com/challenge/?next=/api/v1/discover/topical_explore/%253Fis_prefetch%253Dtrue%2526omit_cover_media%253Dtrue%2526use_sectional_payload%253Dtrue%2526timezone_offset%253D0%2526session_id%253D69788edd-635b-4932-be7e-f6c2acd095c2%2526include_fixed_destinations%253Dtrue","api_path":"/challenge/","hide_webview_header":true,"lock":true,"logout":false,"native_flow":true,"flow_render_type":0},"status":"fail"}'
2021-08-31 18:29:46,736 - instabot version: 0.117.0 (api) - ERROR - Request returns 400 error!
2021-08-31 18:29:46,736 - instabot version: 0.117.0 (api) - INFO - Instagram's error message: challenge_required
2021-08-31 18:29:46,736 - instabot version: 0.117.0 (api) - INFO - Instagram's error message: {}
2021-08-31 18:29:46,969 - instabot version: 0.117.0 (api) - DEBUG - POST to endpoint: notifications/badge/ returned response: <Response [400]>
2021-08-31 18:29:46,969 - instabot version: 0.117.0 (api) - DEBUG - Responsecode indicates error; response content: b'{"message":"challenge_required","challenge":{"url":"https://i.instagram.com/challenge/?next=/api/v1/notifications/badge/","api_path":"/challenge/","hide_webview_header":true,"lock":true,"logout":false,"native_flow":true,"flow_render_type":0},"status":"fail"}'
2021-08-31 18:29:46,969 - instabot version: 0.117.0 (api) - ERROR - Request returns 400 error!
2021-08-31 18:29:46,970 - instabot version: 0.117.0 (api) - INFO - Instagram's error message: challenge_required
2021-08-31 18:29:46,970 - instabot version: 0.117.0 (api) - INFO - Instagram's error message: {}
2021-08-31 18:29:47,200 - instabot version: 0.117.0 (api) - DEBUG - POST to endpoint: qp/batch_fetch/ returned response: <Response [400]>
2021-08-31 18:29:47,200 - instabot version: 0.117.0 (api) - DEBUG - Responsecode indicates error; response content: b'{"message":"challenge_required","challenge":{"url":"https://i.instagram.com/challenge/?next=/api/v1/qp/batch_fetch/","api_path":"/challenge/","hide_webview_header":true,"lock":true,"logout":false,"native_flow":true,"flow_render_type":0},"status":"fail"}'
2021-08-31 18:29:47,200 - instabot version: 0.117.0 (api) - ERROR - Request returns 400 error!
2021-08-31 18:29:47,200 - instabot version: 0.117.0 (api) - INFO - Instagram's error message: challenge_required
2021-08-31 18:29:47,200 - instabot version: 0.117.0 (api) - INFO - Instagram's error message: {}
2021-08-31 18:29:47,201 - instabot version: 0.117.0 (bot_checkpoint) - DEBUG - Loading Checkpoint file from: /app/config/goga_osoka.checkpoint
2021-08-31 18:29:47,652 - instabot version: 0.117.0 (api) - DEBUG - GET to endpoint: users/innubis/usernameinfo/ returned response: <Response [400]>
2021-08-31 18:29:47,652 - instabot version: 0.117.0 (api) - DEBUG - Responsecode indicates error; response content: b'{"message":"challenge_required","challenge":{"url":"https://i.instagram.com/challenge/?next=/api/v1/users/innubis/usernameinfo/","api_path":"/challenge/","hide_webview_header":true,"lock":true,"logout":false,"native_flow":true,"flow_render_type":0},"status":"fail"}'
2021-08-31 18:29:47,652 - instabot version: 0.117.0 (api) - ERROR - Request returns 400 error!
2021-08-31 18:29:47,652 - instabot version: 0.117.0 (api) - INFO - Instagram's error message: challenge_required
2021-08-31 18:29:47,652 - instabot version: 0.117.0 (api) - INFO - Instagram's error message: {}
2021-08-31 18:29:48,386 - instabot version: 0.117.0 (api) - DEBUG - GET to endpoint: feed/user/None/?max_id=&min_timestamp=None&rank_token=49477465267_75820fa4-59f6-4352-a116-6bcfa1af4b30&ranked_content=true returned response: <Response [400]>
2021-08-31 18:29:48,386 - instabot version: 0.117.0 (api) - DEBUG - Responsecode indicates error; response content: b'{"message":"challenge_required","challenge":{"url":"https://i.instagram.com/challenge/?next=/api/v1/feed/user/None/%253Fmax_id%253D%2526min_timestamp%253DNone%2526rank_token%253D49477465267_75820fa4-59f6-4352-a116-6bcfa1af4b30%2526ranked_content%253Dtrue","api_path":"/challenge/","hide_webview_header":true,"lock":true,"logout":false,"native_flow":true,"flow_render_type":0},"status":"fail"}'
2021-08-31 18:29:48,386 - instabot version: 0.117.0 (api) - ERROR - Request returns 400 error!
2021-08-31 18:29:48,387 - instabot version: 0.117.0 (api) - INFO - Instagram's error message: challenge_required
2021-08-31 18:29:48,387 - instabot version: 0.117.0 (api) - INFO - Instagram's error message: {}
2021-08-31 18:29:48,387 - instabot version: 0.117.0 (bot_get) - WARNING - This is a private account.
2021-08-31 18:29:48,387 - instabot version: 0.117.0 (bot_checkpoint) - DEBUG - Saving Checkpoint file to: /app/config/goga_osoka.checkpoint
2021-08-31 18:29:48,388 - instabot version: 0.117.0 (bot) - INFO - Total requests: 557
