2021-08-31 17:58:25,680 - instabot version: 0.117.0 (bot) - INFO - Instabot version: 0.117.0 Started
2021-08-31 17:58:25,680 - instabot version: 0.117.0 (bot) - DEBUG - Bot imported from /usr/local/lib/python3.9/site-packages/instabot/bot/bot.py
2021-08-31 17:58:25,681 - instabot version: 0.117.0 (api_login) - INFO - Not yet logged in starting: PRE-LOGIN FLOW!
2021-08-31 17:58:25,919 - instabot version: 0.117.0 (api) - DEBUG - POST to endpoint: accounts/get_prefill_candidates/ returned response: <Response [200]>
2021-08-31 17:58:26,147 - instabot version: 0.117.0 (api) - DEBUG - POST to endpoint: qe/sync/ returned response: <Response [200]>
2021-08-31 17:58:26,398 - instabot version: 0.117.0 (api) - DEBUG - POST to endpoint: launcher/sync/ returned response: <Response [200]>
2021-08-31 17:58:26,613 - instabot version: 0.117.0 (api) - DEBUG - POST to endpoint: accounts/contact_point_prefill/ returned response: <Response [200]>
2021-08-31 17:58:29,204 - instabot version: 0.117.0 (api) - DEBUG - POST to endpoint: accounts/login/ returned response: <Response [200]>
2021-08-31 17:58:29,205 - instabot version: 0.117.0 (api) - INFO - Logged-in successfully as 'goga_osoka'!
2021-08-31 17:58:29,205 - instabot version: 0.117.0 (api_login) - INFO - LOGIN FLOW! Just logged-in: True
2021-08-31 17:58:29,429 - instabot version: 0.117.0 (api) - DEBUG - POST to endpoint: qe/sync/ returned response: <Response [200]>
2021-08-31 17:58:29,663 - instabot version: 0.117.0 (api) - DEBUG - POST to endpoint: launcher/sync/ returned response: <Response [200]>
2021-08-31 17:58:29,875 - instabot version: 0.117.0 (api) - DEBUG - GET to endpoint: zr/token/result/?device_id=android-d0b0f4c504afc855&token_hash=&custom_device_id=android-d0b0f4c504afc855&fetch_reason=token_expired returned response: <Response [200]>
2021-08-31 17:58:30,107 - instabot version: 0.117.0 (api) - DEBUG - GET to endpoint: multiple_accounts/get_account_family/ returned response: <Response [200]>
2021-08-31 17:58:30,350 - instabot version: 0.117.0 (api) - DEBUG - POST to endpoint: qe/sync/ returned response: <Response [200]>
2021-08-31 17:58:30,702 - instabot version: 0.117.0 (api) - DEBUG - GET to endpoint: igtv/browse_feed/?prefetch=1 returned response: <Response [200]>
2021-08-31 17:58:30,924 - instabot version: 0.117.0 (api) - DEBUG - POST to endpoint: creatives/ar_class/ returned response: <Response [200]>
2021-08-31 17:58:31,242 - instabot version: 0.117.0 (api) - DEBUG - POST to endpoint: feed/reels_tray/ returned response: <Response [200]>
2021-08-31 17:58:34,472 - instabot version: 0.117.0 (api) - DEBUG - POST to endpoint: feed/timeline/ returned response: <Response [200]>
2021-08-31 17:58:34,688 - instabot version: 0.117.0 (api) - DEBUG - GET to endpoint: media/blocked/ returned response: <Response [200]>
2021-08-31 17:58:35,492 - instabot version: 0.117.0 (api) - DEBUG - GET to endpoint: news/inbox/ returned response: <Response [200]>
2021-08-31 17:58:35,752 - instabot version: 0.117.0 (api) - DEBUG - GET to endpoint: loom/fetch_config/ returned response: <Response [200]>
2021-08-31 17:58:36,038 - instabot version: 0.117.0 (api) - DEBUG - GET to endpoint: scores/bootstrap/users/?surfaces=["autocomplete_user_list","coefficient_besties_list_ranking","coefficient_rank_recipient_user_suggestion","coefficient_ios_section_test_bootstrap_ranking","coefficient_direct_recipients_ranking_variant_2"] returned response: <Response [200]>
2021-08-31 17:58:36,265 - instabot version: 0.117.0 (api) - DEBUG - GET to endpoint: business/eligibility/get_monetization_products_eligibility_data/?product_types=branded_content returned response: <Response [200]>
2021-08-31 17:58:36,478 - instabot version: 0.117.0 (api) - DEBUG - GET to endpoint: business/branded_content/should_require_professional_account/ returned response: <Response [200]>
2021-08-31 17:58:37,405 - instabot version: 0.117.0 (api) - DEBUG - GET to endpoint: linked_accounts/get_linkage_status/ returned response: <Response [200]>
2021-08-31 17:58:37,637 - instabot version: 0.117.0 (api) - DEBUG - GET to endpoint: locations/request_country/ returned response: <Response [200]>
2021-08-31 17:58:37,865 - instabot version: 0.117.0 (api) - DEBUG - GET to endpoint: qp/get_cooldowns/?signed_body=signed_body=4b9c516a5410a3bc128e09c6104a7f042146b9c2023870560c63a43a7f66781c.4&ig_sig_key_version=4&ig_sig_key_version=4 returned response: <Response [200]>
2021-08-31 17:58:38,092 - instabot version: 0.117.0 (api) - DEBUG - GET to endpoint: users/arlink_download_info/?version_override=2.2.1 returned response: <Response [200]>
2021-08-31 17:58:38,509 - instabot version: 0.117.0 (api) - DEBUG - GET to endpoint: users/49477465267/info/ returned response: <Response [200]>
2021-08-31 17:58:38,889 - instabot version: 0.117.0 (api) - DEBUG - GET to endpoint: direct_v2/get_presence/ returned response: <Response [200]>
2021-08-31 17:58:39,340 - instabot version: 0.117.0 (api) - DEBUG - GET to endpoint: direct_v2/inbox/?visual_message_return_type=unseen&thread_message_limit=10&persistentBadging=true&limit=20 returned response: <Response [200]>
2021-08-31 17:58:39,739 - instabot version: 0.117.0 (api) - DEBUG - GET to endpoint: direct_v2/inbox/?visual_message_return_type=unseen&persistentBadging=true&limit=0 returned response: <Response [200]>
2021-08-31 17:58:40,050 - instabot version: 0.117.0 (api) - DEBUG - GET to endpoint: discover/topical_explore/?is_prefetch=true&omit_cover_media=true&use_sectional_payload=true&timezone_offset=0&session_id=6bc9bf11-7aa5-4614-9d09-a82d65086152&include_fixed_destinations=true returned response: <Response [200]>
2021-08-31 17:58:40,275 - instabot version: 0.117.0 (api) - DEBUG - POST to endpoint: notifications/badge/ returned response: <Response [200]>
2021-08-31 17:58:40,639 - instabot version: 0.117.0 (api) - DEBUG - POST to endpoint: qp/batch_fetch/ returned response: <Response [200]>
2021-08-31 17:58:40,640 - instabot version: 0.117.0 (bot_checkpoint) - DEBUG - Loading Checkpoint file from: /app/config/goga_osoka.checkpoint
2021-08-31 17:58:41,324 - instabot version: 0.117.0 (api) - DEBUG - GET to endpoint: users/innubis/usernameinfo/ returned response: <Response [200]>
2021-08-31 17:58:42,289 - instabot version: 0.117.0 (api) - DEBUG - GET to endpoint: feed/user/20813901/?max_id=&min_timestamp=None&rank_token=49477465267_6ab3129f-6ccc-470c-9e22-aab822a44edd&ranked_content=true returned response: <Response [200]>
2021-08-31 17:58:42,290 - instabot version: 0.117.0 (bot_checkpoint) - DEBUG - Saving Checkpoint file to: /app/config/goga_osoka.checkpoint
2021-08-31 17:58:42,291 - instabot version: 0.117.0 (bot) - INFO - Total requests: 42
