2021-08-31 18:42:23,664 - instabot version: 0.117.0 (bot) - INFO - Instabot version: 0.117.0 Started
2021-08-31 18:42:23,664 - instabot version: 0.117.0 (bot) - DEBUG - Bot imported from /usr/local/lib/python3.9/site-packages/instabot/bot/bot.py
2021-08-31 18:42:23,665 - instabot version: 0.117.0 (api_login) - INFO - Not yet logged in starting: PRE-LOGIN FLOW!
2021-08-31 18:42:24,126 - instabot version: 0.117.0 (api) - DEBUG - POST to endpoint: accounts/get_prefill_candidates/ returned response: <Response [200]>
2021-08-31 18:42:24,605 - instabot version: 0.117.0 (api) - DEBUG - POST to endpoint: qe/sync/ returned response: <Response [200]>
2021-08-31 18:42:24,835 - instabot version: 0.117.0 (api) - DEBUG - POST to endpoint: launcher/sync/ returned response: <Response [200]>
2021-08-31 18:42:25,061 - instabot version: 0.117.0 (api) - DEBUG - POST to endpoint: accounts/contact_point_prefill/ returned response: <Response [200]>
2021-08-31 18:42:27,616 - instabot version: 0.117.0 (api) - DEBUG - POST to endpoint: accounts/login/ returned response: <Response [200]>
2021-08-31 18:42:27,616 - instabot version: 0.117.0 (api) - INFO - Logged-in successfully as 'goga_osoka'!
2021-08-31 18:42:27,616 - instabot version: 0.117.0 (api_login) - INFO - LOGIN FLOW! Just logged-in: True
2021-08-31 18:42:27,902 - instabot version: 0.117.0 (api) - DEBUG - POST to endpoint: qe/sync/ returned response: <Response [400]>
2021-08-31 18:42:27,902 - instabot version: 0.117.0 (api) - DEBUG - Responsecode indicates error; response content: b'{"message":"challenge_required","challenge":{"url":"https://i.instagram.com/challenge/?next=/api/v1/qe/sync/","api_path":"/challenge/","hide_webview_header":true,"lock":true,"logout":false,"native_flow":true,"flow_render_type":0},"status":"fail"}'
2021-08-31 18:42:27,902 - instabot version: 0.117.0 (api) - ERROR - Request returns 400 error!
2021-08-31 18:42:27,902 - instabot version: 0.117.0 (api) - INFO - Instagram's error message: challenge_required
2021-08-31 18:42:27,902 - instabot version: 0.117.0 (api) - INFO - Instagram's error message: {}
2021-08-31 18:42:28,132 - instabot version: 0.117.0 (api) - DEBUG - POST to endpoint: launcher/sync/ returned response: <Response [400]>
2021-08-31 18:42:28,132 - instabot version: 0.117.0 (api) - DEBUG - Responsecode indicates error; response content: b'{"message":"challenge_required","challenge":{"url":"https://i.instagram.com/challenge/?next=/api/v1/launcher/sync/","api_path":"/challenge/","hide_webview_header":true,"lock":true,"logout":false,"native_flow":true,"flow_render_type":0},"status":"fail"}'
2021-08-31 18:42:28,132 - instabot version: 0.117.0 (api) - ERROR - Request returns 400 error!
2021-08-31 18:42:28,132 - instabot version: 0.117.0 (api) - INFO - Instagram's error message: challenge_required
2021-08-31 18:42:28,132 - instabot version: 0.117.0 (api) - INFO - Instagram's error message: {}
2021-08-31 18:42:28,354 - instabot version: 0.117.0 (api) - DEBUG - GET to endpoint: zr/token/result/?device_id=android-d0b0f4c504afc855&token_hash=&custom_device_id=android-d0b0f4c504afc855&fetch_reason=token_expired returned response: <Response [400]>
2021-08-31 18:42:28,354 - instabot version: 0.117.0 (api) - DEBUG - Responsecode indicates error; response content: b'{"message":"challenge_required","challenge":{"url":"https://i.instagram.com/challenge/?next=/api/v1/zr/token/result/%253Fdevice_id%253Dandroid-d0b0f4c504afc855%2526token_hash%253D%2526custom_device_id%253Dandroid-d0b0f4c504afc855%2526fetch_reason%253Dtoken_expired","api_path":"/challenge/","hide_webview_header":true,"lock":true,"logout":false,"native_flow":true,"flow_render_type":0},"status":"fail"}'
2021-08-31 18:42:28,354 - instabot version: 0.117.0 (api) - ERROR - Request returns 400 error!
2021-08-31 18:42:28,354 - instabot version: 0.117.0 (api) - INFO - Instagram's error message: challenge_required
2021-08-31 18:42:28,354 - instabot version: 0.117.0 (api) - INFO - Instagram's error message: {}
2021-08-31 18:42:28,565 - instabot version: 0.117.0 (api) - DEBUG - GET to endpoint: multiple_accounts/get_account_family/ returned response: <Response [400]>
2021-08-31 18:42:28,565 - instabot version: 0.117.0 (api) - DEBUG - Responsecode indicates error; response content: b'{"message":"challenge_required","challenge":{"url":"https://i.instagram.com/challenge/?next=/api/v1/multiple_accounts/get_account_family/","api_path":"/challenge/","hide_webview_header":true,"lock":true,"logout":false,"native_flow":true,"flow_render_type":0},"status":"fail"}'
2021-08-31 18:42:28,565 - instabot version: 0.117.0 (api) - ERROR - Request returns 400 error!
2021-08-31 18:42:28,566 - instabot version: 0.117.0 (api) - INFO - Instagram's error message: challenge_required
2021-08-31 18:42:28,566 - instabot version: 0.117.0 (api) - INFO - Instagram's error message: {}
2021-08-31 18:42:28,796 - instabot version: 0.117.0 (api) - DEBUG - POST to endpoint: qe/sync/ returned response: <Response [400]>
2021-08-31 18:42:28,796 - instabot version: 0.117.0 (api) - DEBUG - Responsecode indicates error; response content: b'{"message":"challenge_required","challenge":{"url":"https://i.instagram.com/challenge/?next=/api/v1/qe/sync/","api_path":"/challenge/","hide_webview_header":true,"lock":true,"logout":false,"native_flow":true,"flow_render_type":0},"status":"fail"}'
2021-08-31 18:42:28,796 - instabot version: 0.117.0 (api) - ERROR - Request returns 400 error!
2021-08-31 18:42:28,797 - instabot version: 0.117.0 (api) - INFO - Instagram's error message: challenge_required
2021-08-31 18:42:28,797 - instabot version: 0.117.0 (api) - INFO - Instagram's error message: {}
2021-08-31 18:42:29,025 - instabot version: 0.117.0 (api) - DEBUG - GET to endpoint: igtv/browse_feed/?prefetch=1 returned response: <Response [400]>
2021-08-31 18:42:29,025 - instabot version: 0.117.0 (api) - DEBUG - Responsecode indicates error; response content: b'{"message":"challenge_required","challenge":{"url":"https://i.instagram.com/challenge/?next=/api/v1/igtv/browse_feed/%253Fprefetch%253D1","api_path":"/challenge/","hide_webview_header":true,"lock":true,"logout":false,"native_flow":true,"flow_render_type":0},"status":"fail"}'
2021-08-31 18:42:29,025 - instabot version: 0.117.0 (api) - ERROR - Request returns 400 error!
2021-08-31 18:42:29,025 - instabot version: 0.117.0 (api) - INFO - Instagram's error message: challenge_required
2021-08-31 18:42:29,025 - instabot version: 0.117.0 (api) - INFO - Instagram's error message: {}
2021-08-31 18:42:29,243 - instabot version: 0.117.0 (api) - DEBUG - POST to endpoint: creatives/ar_class/ returned response: <Response [400]>
2021-08-31 18:42:29,243 - instabot version: 0.117.0 (api) - DEBUG - Responsecode indicates error; response content: b'{"message":"challenge_required","challenge":{"url":"https://i.instagram.com/challenge/?next=/api/v1/creatives/ar_class/","api_path":"/challenge/","hide_webview_header":true,"lock":true,"logout":false,"native_flow":true,"flow_render_type":0},"status":"fail"}'
2021-08-31 18:42:29,243 - instabot version: 0.117.0 (api) - ERROR - Request returns 400 error!
2021-08-31 18:42:29,243 - instabot version: 0.117.0 (api) - INFO - Instagram's error message: challenge_required
2021-08-31 18:42:29,244 - instabot version: 0.117.0 (api) - INFO - Instagram's error message: {}
2021-08-31 18:42:29,453 - instabot version: 0.117.0 (api) - DEBUG - POST to endpoint: feed/reels_tray/ returned response: <Response [400]>
2021-08-31 18:42:29,453 - instabot version: 0.117.0 (api) - DEBUG - Responsecode indicates error; response content: b'{"message":"challenge_required","challenge":{"url":"https://i.instagram.com/challenge/?next=/api/v1/feed/reels_tray/","api_path":"/challenge/","hide_webview_header":true,"lock":true,"logout":false,"native_flow":true,"flow_render_type":0},"status":"fail"}'
2021-08-31 18:42:29,453 - instabot version: 0.117.0 (api) - ERROR - Request returns 400 error!
2021-08-31 18:42:29,454 - instabot version: 0.117.0 (api) - INFO - Instagram's error message: challenge_required
2021-08-31 18:42:29,454 - instabot version: 0.117.0 (api) - INFO - Instagram's error message: {}
2021-08-31 18:42:29,707 - instabot version: 0.117.0 (api) - DEBUG - POST to endpoint: feed/timeline/ returned response: <Response [400]>
2021-08-31 18:42:29,707 - instabot version: 0.117.0 (api) - DEBUG - Responsecode indicates error; response content: b'{"message":"challenge_required","challenge":{"url":"https://i.instagram.com/challenge/?next=/api/v1/feed/timeline/","api_path":"/challenge/","hide_webview_header":true,"lock":true,"logout":false,"native_flow":true,"flow_render_type":0},"status":"fail"}'
2021-08-31 18:42:29,707 - instabot version: 0.117.0 (api) - ERROR - Request returns 400 error!
2021-08-31 18:42:29,707 - instabot version: 0.117.0 (api) - INFO - Instagram's error message: challenge_required
2021-08-31 18:42:29,707 - instabot version: 0.117.0 (api) - INFO - Instagram's error message: {}
2021-08-31 18:42:29,978 - instabot version: 0.117.0 (api) - DEBUG - GET to endpoint: media/blocked/ returned response: <Response [400]>
2021-08-31 18:42:29,979 - instabot version: 0.117.0 (api) - DEBUG - Responsecode indicates error; response content: b'{"message":"challenge_required","challenge":{"url":"https://i.instagram.com/challenge/?next=/api/v1/media/blocked/","api_path":"/challenge/","hide_webview_header":true,"lock":true,"logout":false,"native_flow":true,"flow_render_type":0},"status":"fail"}'
2021-08-31 18:42:29,979 - instabot version: 0.117.0 (api) - ERROR - Request returns 400 error!
2021-08-31 18:42:29,979 - instabot version: 0.117.0 (api) - INFO - Instagram's error message: challenge_required
2021-08-31 18:42:29,979 - instabot version: 0.117.0 (api) - INFO - Instagram's error message: {}
2021-08-31 18:42:30,257 - instabot version: 0.117.0 (api) - DEBUG - GET to endpoint: news/inbox/ returned response: <Response [400]>
2021-08-31 18:42:30,257 - instabot version: 0.117.0 (api) - DEBUG - Responsecode indicates error; response content: b'{"message":"challenge_required","challenge":{"url":"https://i.instagram.com/challenge/?next=/api/v1/news/inbox/","api_path":"/challenge/","hide_webview_header":true,"lock":true,"logout":false,"native_flow":true,"flow_render_type":0},"status":"fail"}'
2021-08-31 18:42:30,258 - instabot version: 0.117.0 (api) - ERROR - Request returns 400 error!
2021-08-31 18:42:30,258 - instabot version: 0.117.0 (api) - INFO - Instagram's error message: challenge_required
2021-08-31 18:42:30,258 - instabot version: 0.117.0 (api) - INFO - Instagram's error message: {}
2021-08-31 18:42:30,481 - instabot version: 0.117.0 (api) - DEBUG - GET to endpoint: loom/fetch_config/ returned response: <Response [400]>
2021-08-31 18:42:30,481 - instabot version: 0.117.0 (api) - DEBUG - Responsecode indicates error; response content: b'{"message":"challenge_required","challenge":{"url":"https://i.instagram.com/challenge/?next=/api/v1/loom/fetch_config/","api_path":"/challenge/","hide_webview_header":true,"lock":true,"logout":false,"native_flow":true,"flow_render_type":0},"status":"fail"}'
2021-08-31 18:42:30,481 - instabot version: 0.117.0 (api) - ERROR - Request returns 400 error!
2021-08-31 18:42:30,481 - instabot version: 0.117.0 (api) - INFO - Instagram's error message: challenge_required
2021-08-31 18:42:30,481 - instabot version: 0.117.0 (api) - INFO - Instagram's error message: {}
2021-08-31 18:42:30,756 - instabot version: 0.117.0 (api) - DEBUG - GET to endpoint: scores/bootstrap/users/?surfaces=["autocomplete_user_list","coefficient_besties_list_ranking","coefficient_rank_recipient_user_suggestion","coefficient_ios_section_test_bootstrap_ranking","coefficient_direct_recipients_ranking_variant_2"] returned response: <Response [400]>
2021-08-31 18:42:30,756 - instabot version: 0.117.0 (api) - DEBUG - Responsecode indicates error; response content: b'{"message":"challenge_required","challenge":{"url":"https://i.instagram.com/challenge/?next=/api/v1/scores/bootstrap/users/%253Fsurfaces%253D%25255B%252522autocomplete_user_list%252522%252C%252522coefficient_besties_list_ranking%252522%252C%252522coefficient_rank_recipient_user_suggestion%252522%252C%252522coefficient_ios_section_test_bootstrap_ranking%252522%252C%252522coefficient_direct_recipients_ranking_variant_2%252522%25255D","api_path":"/challenge/","hide_webview_header":true,"lock":true,"logout":false,"native_flow":true,"flow_render_type":0},"status":"fail"}'
2021-08-31 18:42:30,756 - instabot version: 0.117.0 (api) - ERROR - Request returns 400 error!
2021-08-31 18:42:30,756 - instabot version: 0.117.0 (api) - INFO - Instagram's error message: challenge_required
2021-08-31 18:42:30,756 - instabot version: 0.117.0 (api) - INFO - Instagram's error message: {}
2021-08-31 18:42:30,976 - instabot version: 0.117.0 (api) - DEBUG - GET to endpoint: business/eligibility/get_monetization_products_eligibility_data/?product_types=branded_content returned response: <Response [400]>
2021-08-31 18:42:30,976 - instabot version: 0.117.0 (api) - DEBUG - Responsecode indicates error; response content: b'{"message":"challenge_required","challenge":{"url":"https://i.instagram.com/challenge/?next=/api/v1/business/eligibility/get_monetization_products_eligibility_data/%253Fproduct_types%253Dbranded_content","api_path":"/challenge/","hide_webview_header":true,"lock":true,"logout":false,"native_flow":true,"flow_render_type":0},"status":"fail"}'
2021-08-31 18:42:30,976 - instabot version: 0.117.0 (api) - ERROR - Request returns 400 error!
2021-08-31 18:42:30,976 - instabot version: 0.117.0 (api) - INFO - Instagram's error message: challenge_required
2021-08-31 18:42:30,976 - instabot version: 0.117.0 (api) - INFO - Instagram's error message: {}
2021-08-31 18:42:31,220 - instabot version: 0.117.0 (api) - DEBUG - GET to endpoint: business/branded_content/should_require_professional_account/ returned response: <Response [400]>
2021-08-31 18:42:31,220 - instabot version: 0.117.0 (api) - DEBUG - Responsecode indicates error; response content: b'{"message":"challenge_required","challenge":{"url":"https://i.instagram.com/challenge/?next=/api/v1/business/branded_content/should_require_professional_account/","api_path":"/challenge/","hide_webview_header":true,"lock":true,"logout":false,"native_flow":true,"flow_render_type":0},"status":"fail"}'
2021-08-31 18:42:31,220 - instabot version: 0.117.0 (api) - ERROR - Request returns 400 error!
2021-08-31 18:42:31,220 - instabot version: 0.117.0 (api) - INFO - Instagram's error message: challenge_required
2021-08-31 18:42:31,220 - instabot version: 0.117.0 (api) - INFO - Instagram's error message: {}
2021-08-31 18:42:31,442 - instabot version: 0.117.0 (api) - DEBUG - GET to endpoint: linked_accounts/get_linkage_status/ returned response: <Response [400]>
2021-08-31 18:42:31,442 - instabot version: 0.117.0 (api) - DEBUG - Responsecode indicates error; response content: b'{"message":"challenge_required","challenge":{"url":"https://i.instagram.com/challenge/?next=/api/v1/linked_accounts/get_linkage_status/","api_path":"/challenge/","hide_webview_header":true,"lock":true,"logout":false,"native_flow":true,"flow_render_type":0},"status":"fail"}'
2021-08-31 18:42:31,442 - instabot version: 0.117.0 (api) - ERROR - Request returns 400 error!
2021-08-31 18:42:31,442 - instabot version: 0.117.0 (api) - INFO - Instagram's error message: challenge_required
2021-08-31 18:42:31,442 - instabot version: 0.117.0 (api) - INFO - Instagram's error message: {}
2021-08-31 18:42:31,944 - instabot version: 0.117.0 (api) - DEBUG - GET to endpoint: locations/request_country/ returned response: <Response [400]>
2021-08-31 18:42:31,944 - instabot version: 0.117.0 (api) - DEBUG - Responsecode indicates error; response content: b'{"message":"challenge_required","challenge":{"url":"https://i.instagram.com/challenge/?next=/api/v1/locations/request_country/","api_path":"/challenge/","hide_webview_header":true,"lock":true,"logout":false,"native_flow":true,"flow_render_type":0},"status":"fail"}'
2021-08-31 18:42:31,944 - instabot version: 0.117.0 (api) - ERROR - Request returns 400 error!
2021-08-31 18:42:31,944 - instabot version: 0.117.0 (api) - INFO - Instagram's error message: challenge_required
2021-08-31 18:42:31,944 - instabot version: 0.117.0 (api) - INFO - Instagram's error message: {}
2021-08-31 18:42:32,157 - instabot version: 0.117.0 (api) - DEBUG - GET to endpoint: qp/get_cooldowns/?signed_body=signed_body=4b9c516a5410a3bc128e09c6104a7f042146b9c2023870560c63a43a7f66781c.4&ig_sig_key_version=4&ig_sig_key_version=4 returned response: <Response [400]>
2021-08-31 18:42:32,157 - instabot version: 0.117.0 (api) - DEBUG - Responsecode indicates error; response content: b'{"message":"challenge_required","challenge":{"url":"https://i.instagram.com/challenge/?next=/api/v1/qp/get_cooldowns/%253Fsigned_body%253Dsigned_body%253D4b9c516a5410a3bc128e09c6104a7f042146b9c2023870560c63a43a7f66781c.4%2526ig_sig_key_version%253D4%2526ig_sig_key_version%253D4","api_path":"/challenge/","hide_webview_header":true,"lock":true,"logout":false,"native_flow":true,"flow_render_type":0},"status":"fail"}'
2021-08-31 18:42:32,157 - instabot version: 0.117.0 (api) - ERROR - Request returns 400 error!
2021-08-31 18:42:32,158 - instabot version: 0.117.0 (api) - INFO - Instagram's error message: challenge_required
2021-08-31 18:42:32,158 - instabot version: 0.117.0 (api) - INFO - Instagram's error message: {}
2021-08-31 18:42:32,377 - instabot version: 0.117.0 (api) - DEBUG - GET to endpoint: users/arlink_download_info/?version_override=2.2.1 returned response: <Response [400]>
2021-08-31 18:42:32,377 - instabot version: 0.117.0 (api) - DEBUG - Responsecode indicates error; response content: b'{"message":"challenge_required","challenge":{"url":"https://i.instagram.com/challenge/?next=/api/v1/users/arlink_download_info/%253Fversion_override%253D2.2.1","api_path":"/challenge/","hide_webview_header":true,"lock":true,"logout":false,"native_flow":true,"flow_render_type":0},"status":"fail"}'
2021-08-31 18:42:32,377 - instabot version: 0.117.0 (api) - ERROR - Request returns 400 error!
2021-08-31 18:42:32,378 - instabot version: 0.117.0 (api) - INFO - Instagram's error message: challenge_required
2021-08-31 18:42:32,378 - instabot version: 0.117.0 (api) - INFO - Instagram's error message: {}
2021-08-31 18:42:32,592 - instabot version: 0.117.0 (api) - DEBUG - GET to endpoint: users/49477465267/info/ returned response: <Response [400]>
2021-08-31 18:42:32,592 - instabot version: 0.117.0 (api) - DEBUG - Responsecode indicates error; response content: b'{"message":"challenge_required","challenge":{"url":"https://i.instagram.com/challenge/?next=/api/v1/users/49477465267/info/","api_path":"/challenge/","hide_webview_header":true,"lock":true,"logout":false,"native_flow":true,"flow_render_type":0},"status":"fail"}'
2021-08-31 18:42:32,593 - instabot version: 0.117.0 (api) - ERROR - Request returns 400 error!
2021-08-31 18:42:32,593 - instabot version: 0.117.0 (api) - INFO - Instagram's error message: challenge_required
2021-08-31 18:42:32,593 - instabot version: 0.117.0 (api) - INFO - Instagram's error message: {}
2021-08-31 18:42:32,813 - instabot version: 0.117.0 (api) - DEBUG - GET to endpoint: direct_v2/get_presence/ returned response: <Response [400]>
2021-08-31 18:42:32,814 - instabot version: 0.117.0 (api) - DEBUG - Responsecode indicates error; response content: b'{"message":"challenge_required","challenge":{"url":"https://i.instagram.com/challenge/?next=/api/v1/direct_v2/get_presence/","api_path":"/challenge/","hide_webview_header":true,"lock":true,"logout":false,"native_flow":true,"flow_render_type":0},"status":"fail"}'
2021-08-31 18:42:32,814 - instabot version: 0.117.0 (api) - ERROR - Request returns 400 error!
2021-08-31 18:42:32,814 - instabot version: 0.117.0 (api) - INFO - Instagram's error message: challenge_required
2021-08-31 18:42:32,814 - instabot version: 0.117.0 (api) - INFO - Instagram's error message: {}
2021-08-31 18:42:33,028 - instabot version: 0.117.0 (api) - DEBUG - GET to endpoint: direct_v2/inbox/?visual_message_return_type=unseen&thread_message_limit=10&persistentBadging=true&limit=20 returned response: <Response [400]>
2021-08-31 18:42:33,028 - instabot version: 0.117.0 (api) - DEBUG - Responsecode indicates error; response content: b'{"message":"challenge_required","challenge":{"url":"https://i.instagram.com/challenge/?next=/api/v1/direct_v2/inbox/%253Fvisual_message_return_type%253Dunseen%2526thread_message_limit%253D10%2526persistentBadging%253Dtrue%2526limit%253D20","api_path":"/challenge/","hide_webview_header":true,"lock":true,"logout":false,"native_flow":true,"flow_render_type":0},"status":"fail"}'
2021-08-31 18:42:33,028 - instabot version: 0.117.0 (api) - ERROR - Request returns 400 error!
2021-08-31 18:42:33,028 - instabot version: 0.117.0 (api) - INFO - Instagram's error message: challenge_required
2021-08-31 18:42:33,028 - instabot version: 0.117.0 (api) - INFO - Instagram's error message: {}
2021-08-31 18:42:33,229 - instabot version: 0.117.0 (api) - DEBUG - GET to endpoint: direct_v2/inbox/?visual_message_return_type=unseen&persistentBadging=true&limit=0 returned response: <Response [400]>
2021-08-31 18:42:33,229 - instabot version: 0.117.0 (api) - DEBUG - Responsecode indicates error; response content: b'{"message":"challenge_required","challenge":{"url":"https://i.instagram.com/challenge/?next=/api/v1/direct_v2/inbox/%253Fvisual_message_return_type%253Dunseen%2526persistentBadging%253Dtrue%2526limit%253D0","api_path":"/challenge/","hide_webview_header":true,"lock":true,"logout":false,"native_flow":true,"flow_render_type":0},"status":"fail"}'
2021-08-31 18:42:33,229 - instabot version: 0.117.0 (api) - ERROR - Request returns 400 error!
2021-08-31 18:42:33,229 - instabot version: 0.117.0 (api) - INFO - Instagram's error message: challenge_required
2021-08-31 18:42:33,229 - instabot version: 0.117.0 (api) - INFO - Instagram's error message: {}
